Array
(
    [bottom] => 
    [top] => 
    [cardigan] => 
    [dress] => 
)
Array
(
    [bottom] => 
    [top] => 
    [cardigan] => 
    [dress] => 
)
Array
(
    [bottom] => 
    [top] => 
    [cardigan] => 
    [dress] => 
)
Array
(
    [bottom] => 
    [top] => 
    [cardigan] => 
    [dress] => 
)
Array
(
    [bottom] => 
    [top] => 
    [cardigan] => 
    [dress] => 
)
Array
(
    [bottom] => 
    [top] => 
    [cardigan] => 
    [dress] => 
)
Array
(
    [bottom] => 
    [top] => 
    [cardigan] => 
    [dress] => 
)
Array
(
    [bottom] => 
    [top] => 
    [cardigan] => 
    [dress] => 
)
Array
(
    [bottom] => 
    [top] => 
    [cardigan] => 
    [dress] => 
)
Array
(
    [bottom] => 
    [top] => 
    [cardigan] => 
    [dress] => 
)
Array
(
    [bottom] => 
    [top] => 
    [cardigan] => 
    [dress] => 
)
Array
(
    [bottom] => 
    [top] => 
    [cardigan] => 
    [dress] => 
)
Array
(
    [bottom] => 
    [top] => 
    [cardigan] => 
    [dress] => 
)
Array
(
    [bottom] => 
    [top] => 
    [cardigan] => 
    [dress] => 
)
Array
(
    [bottom] => 
    [top] => 
    [cardigan] => 
    [dress] => 
)
Array
(
    [bottom] => 
    [top] => 
    [cardigan] => 
    [dress] => 
)
Array
(
    [bottom] => 
    [top] => 
    [cardigan] => 
    [dress] => 
)
Array
(
    [bottom] => 
    [top] => 
    [cardigan] => 
    [dress] => 
)
Array
(
    [bottom] => 
    [top] => 
    [cardigan] => 
    [dress] => 
)
